c:\users\mikleya\documents\visual studio 2015\projects\github\cours_work_visual\course_work_froms_v1\course_work_froms_v1\release\vc140.pdb
c:\users\mikleya\documents\visual studio 2015\projects\github\cours_work_visual\course_work_froms_v1\course_work_froms_v1\release\stdafx.obj
c:\users\mikleya\documents\visual studio 2015\projects\github\cours_work_visual\course_work_froms_v1\course_work_froms_v1\release\stack.obj
c:\users\mikleya\documents\visual studio 2015\projects\github\cours_work_visual\course_work_froms_v1\course_work_froms_v1\release\queue.obj
c:\users\mikleya\documents\visual studio 2015\projects\github\cours_work_visual\course_work_froms_v1\course_work_froms_v1\release\pictureform.obj
c:\users\mikleya\documents\visual studio 2015\projects\github\cours_work_visual\course_work_froms_v1\course_work_froms_v1\release\output.obj
c:\users\mikleya\documents\visual studio 2015\projects\github\cours_work_visual\course_work_froms_v1\course_work_froms_v1\release\myform_.obj
c:\users\mikleya\documents\visual studio 2015\projects\github\cours_work_visual\course_work_froms_v1\course_work_froms_v1\release\myform.obj
c:\users\mikleya\documents\visual studio 2015\projects\github\cours_work_visual\course_work_froms_v1\course_work_froms_v1\release\input.obj
c:\users\mikleya\documents\visual studio 2015\projects\github\cours_work_visual\course_work_froms_v1\course_work_froms_v1\release\humori.obj
c:\users\mikleya\documents\visual studio 2015\projects\github\cours_work_visual\course_work_froms_v1\course_work_froms_v1\release\graph.obj
c:\users\mikleya\documents\visual studio 2015\projects\github\cours_work_visual\course_work_froms_v1\course_work_froms_v1\release\ford.obj
c:\users\mikleya\documents\visual studio 2015\projects\github\cours_work_visual\course_work_froms_v1\course_work_froms_v1\release\.netframework,version=v4.5.2.assemblyattributes.obj
c:\users\mikleya\documents\visual studio 2015\projects\github\cours_work_visual\course_work_froms_v1\course_work_froms_v1\release\.netframework,version=v4.5.2.assemblyattributes.asm
c:\users\mikleya\documents\visual studio 2015\projects\github\cours_work_visual\course_work_froms_v1\course_work_froms_v1\release\course_work_froms_v1.myform.resources
c:\users\mikleya\documents\visual studio 2015\projects\github\cours_work_visual\course_work_froms_v1\course_work_froms_v1\release\course_work_froms_v1.myform_.resources
c:\users\mikleya\documents\visual studio 2015\projects\github\cours_work_visual\course_work_froms_v1\course_work_froms_v1\release\course_work_froms_v1.pictureform.resources
c:\users\mikleya\documents\visual studio 2015\projects\github\cours_work_visual\course_work_froms_v1\course_work_froms_v1\release\course_work_froms_v1.myform.ru.resources
c:\users\mikleya\documents\visual studio 2015\projects\github\cours_work_visual\course_work_froms_v1\course_work_froms_v1\release\course_work_froms_v1.vcxproj.generateresource.cache
c:\users\mikleya\documents\visual studio 2015\projects\github\cours_work_visual\course_work_froms_v1\course_work_froms_v1\release\course_w.9696b190.tlog\cl.command.1.tlog
c:\users\mikleya\documents\visual studio 2015\projects\github\cours_work_visual\course_work_froms_v1\course_work_froms_v1\release\course_w.9696b190.tlog\cl.read.1.tlog
c:\users\mikleya\documents\visual studio 2015\projects\github\cours_work_visual\course_work_froms_v1\course_work_froms_v1\release\course_w.9696b190.tlog\cl.write.1.tlog
c:\users\mikleya\documents\visual studio 2015\projects\github\cours_work_visual\course_work_froms_v1\course_work_froms_v1\release\course_w.9696b190.tlog\course_work_froms_v1.write.1u.tlog
c:\users\mikleya\documents\visual studio 2015\projects\github\cours_work_visual\course_work_froms_v1\course_work_froms_v1\release\course_w.9696b190.tlog\link.command.1.tlog
c:\users\mikleya\documents\visual studio 2015\projects\github\cours_work_visual\course_work_froms_v1\course_work_froms_v1\release\course_w.9696b190.tlog\link.read.1.tlog
c:\users\mikleya\documents\visual studio 2015\projects\github\cours_work_visual\course_work_froms_v1\course_work_froms_v1\release\course_w.9696b190.tlog\link.write.1.tlog
c:\users\mikleya\documents\visual studio 2015\projects\github\cours_work_visual\course_work_froms_v1\course_work_froms_v1\release\course_w.9696b190.tlog\metagen.read.1.tlog
c:\users\mikleya\documents\visual studio 2015\projects\github\cours_work_visual\course_work_froms_v1\course_work_froms_v1\release\course_w.9696b190.tlog\metagen.write.1.tlog
c:\users\mikleya\documents\visual studio 2015\projects\github\cours_work_visual\course_work_froms_v1\course_work_froms_v1\release\course_w.9696b190.tlog\rsaenh.dll.bi
c:\users\mikleya\documents\visual studio 2015\projects\github\cours_work_visual\course_work_froms_v1\course_work_froms_v1\release\course_w.9696b190.tlog\tzres.dll.bi
