  MyForm.cpp
c:\users\mikleya\documents\visual studio 2015\projects\github\cours_work_visual\course_work_froms_v1\course_work_froms_v1\MyForm_.h(40): warning C4996: 'chdir': The POSIX name for this item is deprecated. Instead, use the ISO C and C++ conformant name: _chdir. See online help for details.
  C:\Program Files (x86)\Windows Kits\10\Include\10.0.10240.0\ucrt\direct.h(99): note: see declaration of 'chdir'
c:\users\mikleya\documents\visual studio 2015\projects\github\cours_work_visual\course_work_froms_v1\course_work_froms_v1\MyForm_.h(58): warning C4996: 'fopen': This function or variable may be unsafe. Consider using fopen_s instead. To disable deprecation, use _CRT_SECURE_NO_WARNINGS. See online help for details.
  C:\Program Files (x86)\Windows Kits\10\Include\10.0.10240.0\ucrt\stdio.h(205): note: see declaration of 'fopen'
c:\users\mikleya\documents\visual studio 2015\projects\github\cours_work_visual\course_work_froms_v1\course_work_froms_v1\MyForm_.h(96): warning C4996: 'fopen': This function or variable may be unsafe. Consider using fopen_s instead. To disable deprecation, use _CRT_SECURE_NO_WARNINGS. See online help for details.
  C:\Program Files (x86)\Windows Kits\10\Include\10.0.10240.0\ucrt\stdio.h(205): note: see declaration of 'fopen'
c:\users\mikleya\documents\visual studio 2015\projects\github\cours_work_visual\course_work_froms_v1\course_work_froms_v1\MyForm_.h(134): warning C4996: 'fopen': This function or variable may be unsafe. Consider using fopen_s instead. To disable deprecation, use _CRT_SECURE_NO_WARNINGS. See online help for details.
  C:\Program Files (x86)\Windows Kits\10\Include\10.0.10240.0\ucrt\stdio.h(205): note: see declaration of 'fopen'
c:\users\mikleya\documents\visual studio 2015\projects\github\cours_work_visual\course_work_froms_v1\course_work_froms_v1\MyForm_.h(167): warning C4996: 'fopen': This function or variable may be unsafe. Consider using fopen_s instead. To disable deprecation, use _CRT_SECURE_NO_WARNINGS. See online help for details.
  C:\Program Files (x86)\Windows Kits\10\Include\10.0.10240.0\ucrt\stdio.h(205): note: see declaration of 'fopen'
c:\users\mikleya\documents\visual studio 2015\projects\github\cours_work_visual\course_work_froms_v1\course_work_froms_v1\MyForm_.h(416): warning C4996: 'itoa': The POSIX name for this item is deprecated. Instead, use the ISO C and C++ conformant name: _itoa. See online help for details.
  C:\Program Files (x86)\Windows Kits\10\Include\10.0.10240.0\ucrt\stdlib.h(1316): note: see declaration of 'itoa'
c:\users\mikleya\documents\visual studio 2015\projects\github\cours_work_visual\course_work_froms_v1\course_work_froms_v1\MyForm_.h(417): warning C4996: 'strcpy': This function or variable may be unsafe. Consider using strcpy_s instead. To disable deprecation, use _CRT_SECURE_NO_WARNINGS. See online help for details.
  C:\Program Files (x86)\Windows Kits\10\Include\10.0.10240.0\ucrt\string.h(119): note: see declaration of 'strcpy'
c:\users\mikleya\documents\visual studio 2015\projects\github\cours_work_visual\course_work_froms_v1\course_work_froms_v1\MyForm_.h(418): warning C4996: 'strcat': This function or variable may be unsafe. Consider using strcat_s instead. To disable deprecation, use _CRT_SECURE_NO_WARNINGS. See online help for details.
  C:\Program Files (x86)\Windows Kits\10\Include\10.0.10240.0\ucrt\string.h(90): note: see declaration of 'strcat'
c:\users\mikleya\documents\visual studio 2015\projects\github\cours_work_visual\course_work_froms_v1\course_work_froms_v1\MyForm_.h(419): warning C4996: 'strcat': This function or variable may be unsafe. Consider using strcat_s instead. To disable deprecation, use _CRT_SECURE_NO_WARNINGS. See online help for details.
  C:\Program Files (x86)\Windows Kits\10\Include\10.0.10240.0\ucrt\string.h(90): note: see declaration of 'strcat'
c:\users\mikleya\documents\visual studio 2015\projects\github\cours_work_visual\course_work_froms_v1\course_work_froms_v1\MyForm_.h(421): warning C4996: 'strcpy': This function or variable may be unsafe. Consider using strcpy_s instead. To disable deprecation, use _CRT_SECURE_NO_WARNINGS. See online help for details.
  C:\Program Files (x86)\Windows Kits\10\Include\10.0.10240.0\ucrt\string.h(119): note: see declaration of 'strcpy'
c:\users\mikleya\documents\visual studio 2015\projects\github\cours_work_visual\course_work_froms_v1\course_work_froms_v1\MyForm_.h(422): warning C4996: 'strcat': This function or variable may be unsafe. Consider using strcat_s instead. To disable deprecation, use _CRT_SECURE_NO_WARNINGS. See online help for details.
  C:\Program Files (x86)\Windows Kits\10\Include\10.0.10240.0\ucrt\string.h(90): note: see declaration of 'strcat'
c:\users\mikleya\documents\visual studio 2015\projects\github\cours_work_visual\course_work_froms_v1\course_work_froms_v1\MyForm_.h(428): warning C4996: 'itoa': The POSIX name for this item is deprecated. Instead, use the ISO C and C++ conformant name: _itoa. See online help for details.
  C:\Program Files (x86)\Windows Kits\10\Include\10.0.10240.0\ucrt\stdlib.h(1316): note: see declaration of 'itoa'
c:\users\mikleya\documents\visual studio 2015\projects\github\cours_work_visual\course_work_froms_v1\course_work_froms_v1\MyForm_.h(429): warning C4996: 'strcpy': This function or variable may be unsafe. Consider using strcpy_s instead. To disable deprecation, use _CRT_SECURE_NO_WARNINGS. See online help for details.
  C:\Program Files (x86)\Windows Kits\10\Include\10.0.10240.0\ucrt\string.h(119): note: see declaration of 'strcpy'
c:\users\mikleya\documents\visual studio 2015\projects\github\cours_work_visual\course_work_froms_v1\course_work_froms_v1\MyForm_.h(430): warning C4996: 'strcat': This function or variable may be unsafe. Consider using strcat_s instead. To disable deprecation, use _CRT_SECURE_NO_WARNINGS. See online help for details.
  C:\Program Files (x86)\Windows Kits\10\Include\10.0.10240.0\ucrt\string.h(90): note: see declaration of 'strcat'
c:\users\mikleya\documents\visual studio 2015\projects\github\cours_work_visual\course_work_froms_v1\course_work_froms_v1\MyForm_.h(433): warning C4996: 'strcat': This function or variable may be unsafe. Consider using strcat_s instead. To disable deprecation, use _CRT_SECURE_NO_WARNINGS. See online help for details.
  C:\Program Files (x86)\Windows Kits\10\Include\10.0.10240.0\ucrt\string.h(90): note: see declaration of 'strcat'
c:\users\mikleya\documents\visual studio 2015\projects\github\cours_work_visual\course_work_froms_v1\course_work_froms_v1\MyForm_.h(435): warning C4996: 'strcpy': This function or variable may be unsafe. Consider using strcpy_s instead. To disable deprecation, use _CRT_SECURE_NO_WARNINGS. See online help for details.
  C:\Program Files (x86)\Windows Kits\10\Include\10.0.10240.0\ucrt\string.h(119): note: see declaration of 'strcpy'
c:\users\mikleya\documents\visual studio 2015\projects\github\cours_work_visual\course_work_froms_v1\course_work_froms_v1\MyForm_.h(436): warning C4996: 'strcat': This function or variable may be unsafe. Consider using strcat_s instead. To disable deprecation, use _CRT_SECURE_NO_WARNINGS. See online help for details.
  C:\Program Files (x86)\Windows Kits\10\Include\10.0.10240.0\ucrt\string.h(90): note: see declaration of 'strcat'
c:\users\mikleya\documents\visual studio 2015\projects\github\cours_work_visual\course_work_froms_v1\course_work_froms_v1\MyForm_.h(437): warning C4996: 'strcat': This function or variable may be unsafe. Consider using strcat_s instead. To disable deprecation, use _CRT_SECURE_NO_WARNINGS. See online help for details.
  C:\Program Files (x86)\Windows Kits\10\Include\10.0.10240.0\ucrt\string.h(90): note: see declaration of 'strcat'
c:\users\mikleya\documents\visual studio 2015\projects\github\cours_work_visual\course_work_froms_v1\course_work_froms_v1\MyForm_.h(442): warning C4996: 'strcat': This function or variable may be unsafe. Consider using strcat_s instead. To disable deprecation, use _CRT_SECURE_NO_WARNINGS. See online help for details.
  C:\Program Files (x86)\Windows Kits\10\Include\10.0.10240.0\ucrt\string.h(90): note: see declaration of 'strcat'
c:\users\mikleya\documents\visual studio 2015\projects\github\cours_work_visual\course_work_froms_v1\course_work_froms_v1\MyForm_.h(444): warning C4996: 'strcpy': This function or variable may be unsafe. Consider using strcpy_s instead. To disable deprecation, use _CRT_SECURE_NO_WARNINGS. See online help for details.
  C:\Program Files (x86)\Windows Kits\10\Include\10.0.10240.0\ucrt\string.h(119): note: see declaration of 'strcpy'
c:\users\mikleya\documents\visual studio 2015\projects\github\cours_work_visual\course_work_froms_v1\course_work_froms_v1\MyForm_.h(445): warning C4996: 'strcat': This function or variable may be unsafe. Consider using strcat_s instead. To disable deprecation, use _CRT_SECURE_NO_WARNINGS. See online help for details.
  C:\Program Files (x86)\Windows Kits\10\Include\10.0.10240.0\ucrt\string.h(90): note: see declaration of 'strcat'
c:\users\mikleya\documents\visual studio 2015\projects\github\cours_work_visual\course_work_froms_v1\course_work_froms_v1\MyForm_.h(446): warning C4996: 'strcat': This function or variable may be unsafe. Consider using strcat_s instead. To disable deprecation, use _CRT_SECURE_NO_WARNINGS. See online help for details.
  C:\Program Files (x86)\Windows Kits\10\Include\10.0.10240.0\ucrt\string.h(90): note: see declaration of 'strcat'
c:\users\mikleya\documents\visual studio 2015\projects\github\cours_work_visual\course_work_froms_v1\course_work_froms_v1\MyForm_.h(451): warning C4996: 'strcat': This function or variable may be unsafe. Consider using strcat_s instead. To disable deprecation, use _CRT_SECURE_NO_WARNINGS. See online help for details.
  C:\Program Files (x86)\Windows Kits\10\Include\10.0.10240.0\ucrt\string.h(90): note: see declaration of 'strcat'
c:\users\mikleya\documents\visual studio 2015\projects\github\cours_work_visual\course_work_froms_v1\course_work_froms_v1\MyForm_.h(453): warning C4996: 'strcpy': This function or variable may be unsafe. Consider using strcpy_s instead. To disable deprecation, use _CRT_SECURE_NO_WARNINGS. See online help for details.
  C:\Program Files (x86)\Windows Kits\10\Include\10.0.10240.0\ucrt\string.h(119): note: see declaration of 'strcpy'
c:\users\mikleya\documents\visual studio 2015\projects\github\cours_work_visual\course_work_froms_v1\course_work_froms_v1\MyForm_.h(454): warning C4996: 'strcat': This function or variable may be unsafe. Consider using strcat_s instead. To disable deprecation, use _CRT_SECURE_NO_WARNINGS. See online help for details.
  C:\Program Files (x86)\Windows Kits\10\Include\10.0.10240.0\ucrt\string.h(90): note: see declaration of 'strcat'
c:\users\mikleya\documents\visual studio 2015\projects\github\cours_work_visual\course_work_froms_v1\course_work_froms_v1\MyForm_.h(455): warning C4996: 'strcat': This function or variable may be unsafe. Consider using strcat_s instead. To disable deprecation, use _CRT_SECURE_NO_WARNINGS. See online help for details.
  C:\Program Files (x86)\Windows Kits\10\Include\10.0.10240.0\ucrt\string.h(90): note: see declaration of 'strcat'
c:\users\mikleya\documents\visual studio 2015\projects\github\cours_work_visual\course_work_froms_v1\course_work_froms_v1\MyForm_.h(460): warning C4996: 'strcpy': This function or variable may be unsafe. Consider using strcpy_s instead. To disable deprecation, use _CRT_SECURE_NO_WARNINGS. See online help for details.
  C:\Program Files (x86)\Windows Kits\10\Include\10.0.10240.0\ucrt\string.h(119): note: see declaration of 'strcpy'
c:\users\mikleya\documents\visual studio 2015\projects\github\cours_work_visual\course_work_froms_v1\course_work_froms_v1\MyForm_.h(462): warning C4996: 'strcpy': This function or variable may be unsafe. Consider using strcpy_s instead. To disable deprecation, use _CRT_SECURE_NO_WARNINGS. See online help for details.
  C:\Program Files (x86)\Windows Kits\10\Include\10.0.10240.0\ucrt\string.h(119): note: see declaration of 'strcpy'
c:\users\mikleya\documents\visual studio 2015\projects\github\cours_work_visual\course_work_froms_v1\course_work_froms_v1\MyForm_.h(467): warning C4996: 'strcpy': This function or variable may be unsafe. Consider using strcpy_s instead. To disable deprecation, use _CRT_SECURE_NO_WARNINGS. See online help for details.
  C:\Program Files (x86)\Windows Kits\10\Include\10.0.10240.0\ucrt\string.h(119): note: see declaration of 'strcpy'
c:\users\mikleya\documents\visual studio 2015\projects\github\cours_work_visual\course_work_froms_v1\course_work_froms_v1\MyForm_.h(468): warning C4996: 'strcat': This function or variable may be unsafe. Consider using strcat_s instead. To disable deprecation, use _CRT_SECURE_NO_WARNINGS. See online help for details.
  C:\Program Files (x86)\Windows Kits\10\Include\10.0.10240.0\ucrt\string.h(90): note: see declaration of 'strcat'
c:\users\mikleya\documents\visual studio 2015\projects\github\cours_work_visual\course_work_froms_v1\course_work_froms_v1\MyForm_.h(469): warning C4996: 'strcat': This function or variable may be unsafe. Consider using strcat_s instead. To disable deprecation, use _CRT_SECURE_NO_WARNINGS. See online help for details.
  C:\Program Files (x86)\Windows Kits\10\Include\10.0.10240.0\ucrt\string.h(90): note: see declaration of 'strcat'
c:\users\mikleya\documents\visual studio 2015\projects\github\cours_work_visual\course_work_froms_v1\course_work_froms_v1\MyForm_.h(472): warning C4996: 'strcpy': This function or variable may be unsafe. Consider using strcpy_s instead. To disable deprecation, use _CRT_SECURE_NO_WARNINGS. See online help for details.
  C:\Program Files (x86)\Windows Kits\10\Include\10.0.10240.0\ucrt\string.h(119): note: see declaration of 'strcpy'
c:\users\mikleya\documents\visual studio 2015\projects\github\cours_work_visual\course_work_froms_v1\course_work_froms_v1\MyForm.h(496): warning C4996: 'fopen': This function or variable may be unsafe. Consider using fopen_s instead. To disable deprecation, use _CRT_SECURE_NO_WARNINGS. See online help for details.
  C:\Program Files (x86)\Windows Kits\10\Include\10.0.10240.0\ucrt\stdio.h(205): note: see declaration of 'fopen'
  Course_work_froms_v1.vcxproj -> C:\Users\MikleYa\Documents\Visual Studio 2015\Projects\GitHub\Cours_work_visual\Course_work_froms_v1\Debug\Course_work_froms_v1.exe
  Course_work_froms_v1.vcxproj -> C:\Users\MikleYa\Documents\Visual Studio 2015\Projects\GitHub\Cours_work_visual\Course_work_froms_v1\Debug\Course_work_froms_v1.pdb (Full PDB)
