  Ford.cpp
Ford.cpp(11): warning C4996: 'fopen': This function or variable may be unsafe. Consider using fopen_s instead. To disable deprecation, use _CRT_SECURE_NO_WARNINGS. See online help for details.
  C:\Program Files (x86)\Windows Kits\10\Include\10.0.10240.0\ucrt\stdio.h(205): note: see declaration of 'fopen'
Ford.cpp(139): warning C4996: 'strcpy': This function or variable may be unsafe. Consider using strcpy_s instead. To disable deprecation, use _CRT_SECURE_NO_WARNINGS. See online help for details.
  C:\Program Files (x86)\Windows Kits\10\Include\10.0.10240.0\ucrt\string.h(119): note: see declaration of 'strcpy'
Ford.cpp(140): warning C4996: 'itoa': The POSIX name for this item is deprecated. Instead, use the ISO C and C++ conformant name: _itoa. See online help for details.
  C:\Program Files (x86)\Windows Kits\10\Include\10.0.10240.0\ucrt\stdlib.h(1316): note: see declaration of 'itoa'
Ford.cpp(141): warning C4996: 'strcat': This function or variable may be unsafe. Consider using strcat_s instead. To disable deprecation, use _CRT_SECURE_NO_WARNINGS. See online help for details.
  C:\Program Files (x86)\Windows Kits\10\Include\10.0.10240.0\ucrt\string.h(90): note: see declaration of 'strcat'
Ford.cpp(142): warning C4996: 'strcat': This function or variable may be unsafe. Consider using strcat_s instead. To disable deprecation, use _CRT_SECURE_NO_WARNINGS. See online help for details.
  C:\Program Files (x86)\Windows Kits\10\Include\10.0.10240.0\ucrt\string.h(90): note: see declaration of 'strcat'
  graph.cpp
graph.cpp(71): warning C4996: 'sprintf': This function or variable may be unsafe. Consider using sprintf_s instead. To disable deprecation, use _CRT_SECURE_NO_WARNINGS. See online help for details.
  C:\Program Files (x86)\Windows Kits\10\Include\10.0.10240.0\ucrt\stdio.h(1769): note: see declaration of 'sprintf'
graph.cpp(73): warning C4996: 'sprintf': This function or variable may be unsafe. Consider using sprintf_s instead. To disable deprecation, use _CRT_SECURE_NO_WARNINGS. See online help for details.
  C:\Program Files (x86)\Windows Kits\10\Include\10.0.10240.0\ucrt\stdio.h(1769): note: see declaration of 'sprintf'
  Gomory.cpp
Gomory.cpp(11): warning C4996: 'fopen': This function or variable may be unsafe. Consider using fopen_s instead. To disable deprecation, use _CRT_SECURE_NO_WARNINGS. See online help for details.
  C:\Program Files (x86)\Windows Kits\10\Include\10.0.10240.0\ucrt\stdio.h(205): note: see declaration of 'fopen'
Gomory.cpp(211): warning C4996: 'sprintf': This function or variable may be unsafe. Consider using sprintf_s instead. To disable deprecation, use _CRT_SECURE_NO_WARNINGS. See online help for details.
  C:\Program Files (x86)\Windows Kits\10\Include\10.0.10240.0\ucrt\stdio.h(1769): note: see declaration of 'sprintf'
Gomory.cpp(259): warning C4996: 'sprintf': This function or variable may be unsafe. Consider using sprintf_s instead. To disable deprecation, use _CRT_SECURE_NO_WARNINGS. See online help for details.
  C:\Program Files (x86)\Windows Kits\10\Include\10.0.10240.0\ucrt\stdio.h(1769): note: see declaration of 'sprintf'
Gomory.cpp(267): warning C4996: 'sprintf': This function or variable may be unsafe. Consider using sprintf_s instead. To disable deprecation, use _CRT_SECURE_NO_WARNINGS. See online help for details.
  C:\Program Files (x86)\Windows Kits\10\Include\10.0.10240.0\ucrt\stdio.h(1769): note: see declaration of 'sprintf'
Gomory.cpp(310): warning C4996: 'sprintf': This function or variable may be unsafe. Consider using sprintf_s instead. To disable deprecation, use _CRT_SECURE_NO_WARNINGS. See online help for details.
  C:\Program Files (x86)\Windows Kits\10\Include\10.0.10240.0\ucrt\stdio.h(1769): note: see declaration of 'sprintf'
  input.cpp
input.cpp(48): warning C4800: 'int': forcing value to bool 'true' or 'false' (performance warning)
input.cpp(11): warning C4996: 'fopen': This function or variable may be unsafe. Consider using fopen_s instead. To disable deprecation, use _CRT_SECURE_NO_WARNINGS. See online help for details.
  C:\Program Files (x86)\Windows Kits\10\Include\10.0.10240.0\ucrt\stdio.h(205): note: see declaration of 'fopen'
input.cpp(24): warning C4996: 'fscanf': This function or variable may be unsafe. Consider using fscanf_s instead. To disable deprecation, use _CRT_SECURE_NO_WARNINGS. See online help for details.
  C:\Program Files (x86)\Windows Kits\10\Include\10.0.10240.0\ucrt\stdio.h(1193): note: see declaration of 'fscanf'
input.cpp(33): warning C4996: 'fscanf': This function or variable may be unsafe. Consider using fscanf_s instead. To disable deprecation, use _CRT_SECURE_NO_WARNINGS. See online help for details.
  C:\Program Files (x86)\Windows Kits\10\Include\10.0.10240.0\ucrt\stdio.h(1193): note: see declaration of 'fscanf'
input.cpp(40): warning C4996: 'fscanf': This function or variable may be unsafe. Consider using fscanf_s instead. To disable deprecation, use _CRT_SECURE_NO_WARNINGS. See online help for details.
  C:\Program Files (x86)\Windows Kits\10\Include\10.0.10240.0\ucrt\stdio.h(1193): note: see declaration of 'fscanf'
input.cpp(60): warning C4996: 'fscanf': This function or variable may be unsafe. Consider using fscanf_s instead. To disable deprecation, use _CRT_SECURE_NO_WARNINGS. See online help for details.
  C:\Program Files (x86)\Windows Kits\10\Include\10.0.10240.0\ucrt\stdio.h(1193): note: see declaration of 'fscanf'
input.cpp(68): warning C4996: 'fscanf': This function or variable may be unsafe. Consider using fscanf_s instead. To disable deprecation, use _CRT_SECURE_NO_WARNINGS. See online help for details.
  C:\Program Files (x86)\Windows Kits\10\Include\10.0.10240.0\ucrt\stdio.h(1193): note: see declaration of 'fscanf'
input.cpp(76): warning C4996: 'fscanf': This function or variable may be unsafe. Consider using fscanf_s instead. To disable deprecation, use _CRT_SECURE_NO_WARNINGS. See online help for details.
  C:\Program Files (x86)\Windows Kits\10\Include\10.0.10240.0\ucrt\stdio.h(1193): note: see declaration of 'fscanf'
input.cpp(118): warning C4800: 'int': forcing value to bool 'true' or 'false' (performance warning)
input.cpp(114): warning C4996: 'strcpy': This function or variable may be unsafe. Consider using strcpy_s instead. To disable deprecation, use _CRT_SECURE_NO_WARNINGS. See online help for details.
  C:\Program Files (x86)\Windows Kits\10\Include\10.0.10240.0\ucrt\string.h(119): note: see declaration of 'strcpy'
input.cpp(117): warning C4996: 'strtok': This function or variable may be unsafe. Consider using strtok_s instead. To disable deprecation, use _CRT_SECURE_NO_WARNINGS. See online help for details.
  C:\Program Files (x86)\Windows Kits\10\Include\10.0.10240.0\ucrt\string.h(453): note: see declaration of 'strtok'
input.cpp(122): warning C4996: 'strtok': This function or variable may be unsafe. Consider using strtok_s instead. To disable deprecation, use _CRT_SECURE_NO_WARNINGS. See online help for details.
  C:\Program Files (x86)\Windows Kits\10\Include\10.0.10240.0\ucrt\string.h(453): note: see declaration of 'strtok'
input.cpp(131): warning C4996: 'strtok': This function or variable may be unsafe. Consider using strtok_s instead. To disable deprecation, use _CRT_SECURE_NO_WARNINGS. See online help for details.
  C:\Program Files (x86)\Windows Kits\10\Include\10.0.10240.0\ucrt\string.h(453): note: see declaration of 'strtok'
input.cpp(154): warning C4996: 'strtok': This function or variable may be unsafe. Consider using strtok_s instead. To disable deprecation, use _CRT_SECURE_NO_WARNINGS. See online help for details.
  C:\Program Files (x86)\Windows Kits\10\Include\10.0.10240.0\ucrt\string.h(453): note: see declaration of 'strtok'
input.cpp(164): warning C4996: 'strtok': This function or variable may be unsafe. Consider using strtok_s instead. To disable deprecation, use _CRT_SECURE_NO_WARNINGS. See online help for details.
  C:\Program Files (x86)\Windows Kits\10\Include\10.0.10240.0\ucrt\string.h(453): note: see declaration of 'strtok'
input.cpp(174): warning C4996: 'strtok': This function or variable may be unsafe. Consider using strtok_s instead. To disable deprecation, use _CRT_SECURE_NO_WARNINGS. See online help for details.
  C:\Program Files (x86)\Windows Kits\10\Include\10.0.10240.0\ucrt\string.h(453): note: see declaration of 'strtok'
  MyForm.cpp
c:\users\mikleya\documents\visual studio 2015\projects\github\cours_work_visual\gomory-hu and ford-fulkerson algorithms\course_work_froms_v1\PictureForm.h(25): warning C4101: 'e': unreferenced local variable
c:\users\mikleya\documents\visual studio 2015\projects\github\cours_work_visual\gomory-hu and ford-fulkerson algorithms\course_work_froms_v1\MyForm_.h(49): warning C4996: 'chdir': The POSIX name for this item is deprecated. Instead, use the ISO C and C++ conformant name: _chdir. See online help for details.
  C:\Program Files (x86)\Windows Kits\10\Include\10.0.10240.0\ucrt\direct.h(99): note: see declaration of 'chdir'
c:\users\mikleya\documents\visual studio 2015\projects\github\cours_work_visual\gomory-hu and ford-fulkerson algorithms\course_work_froms_v1\MyForm_.h(74): warning C4996: 'fopen': This function or variable may be unsafe. Consider using fopen_s instead. To disable deprecation, use _CRT_SECURE_NO_WARNINGS. See online help for details.
  C:\Program Files (x86)\Windows Kits\10\Include\10.0.10240.0\ucrt\stdio.h(205): note: see declaration of 'fopen'
c:\users\mikleya\documents\visual studio 2015\projects\github\cours_work_visual\gomory-hu and ford-fulkerson algorithms\course_work_froms_v1\MyForm_.h(100): warning C4996: 'chdir': The POSIX name for this item is deprecated. Instead, use the ISO C and C++ conformant name: _chdir. See online help for details.
  C:\Program Files (x86)\Windows Kits\10\Include\10.0.10240.0\ucrt\direct.h(99): note: see declaration of 'chdir'
c:\users\mikleya\documents\visual studio 2015\projects\github\cours_work_visual\gomory-hu and ford-fulkerson algorithms\course_work_froms_v1\MyForm_.h(106): warning C4996: 'strcpy': This function or variable may be unsafe. Consider using strcpy_s instead. To disable deprecation, use _CRT_SECURE_NO_WARNINGS. See online help for details.
  C:\Program Files (x86)\Windows Kits\10\Include\10.0.10240.0\ucrt\string.h(119): note: see declaration of 'strcpy'
c:\users\mikleya\documents\visual studio 2015\projects\github\cours_work_visual\gomory-hu and ford-fulkerson algorithms\course_work_froms_v1\MyForm_.h(133): warning C4996: 'fopen': This function or variable may be unsafe. Consider using fopen_s instead. To disable deprecation, use _CRT_SECURE_NO_WARNINGS. See online help for details.
  C:\Program Files (x86)\Windows Kits\10\Include\10.0.10240.0\ucrt\stdio.h(205): note: see declaration of 'fopen'
c:\users\mikleya\documents\visual studio 2015\projects\github\cours_work_visual\gomory-hu and ford-fulkerson algorithms\course_work_froms_v1\MyForm_.h(169): warning C4996: 'chdir': The POSIX name for this item is deprecated. Instead, use the ISO C and C++ conformant name: _chdir. See online help for details.
  C:\Program Files (x86)\Windows Kits\10\Include\10.0.10240.0\ucrt\direct.h(99): note: see declaration of 'chdir'
c:\users\mikleya\documents\visual studio 2015\projects\github\cours_work_visual\gomory-hu and ford-fulkerson algorithms\course_work_froms_v1\MyForm_.h(196): warning C4996: 'fopen': This function or variable may be unsafe. Consider using fopen_s instead. To disable deprecation, use _CRT_SECURE_NO_WARNINGS. See online help for details.
  C:\Program Files (x86)\Windows Kits\10\Include\10.0.10240.0\ucrt\stdio.h(205): note: see declaration of 'fopen'
c:\users\mikleya\documents\visual studio 2015\projects\github\cours_work_visual\gomory-hu and ford-fulkerson algorithms\course_work_froms_v1\MyForm_.h(248): warning C4996: 'fopen': This function or variable may be unsafe. Consider using fopen_s instead. To disable deprecation, use _CRT_SECURE_NO_WARNINGS. See online help for details.
  C:\Program Files (x86)\Windows Kits\10\Include\10.0.10240.0\ucrt\stdio.h(205): note: see declaration of 'fopen'
c:\users\mikleya\documents\visual studio 2015\projects\github\cours_work_visual\gomory-hu and ford-fulkerson algorithms\course_work_froms_v1\MyForm_.h(283): warning C4996: 'chdir': The POSIX name for this item is deprecated. Instead, use the ISO C and C++ conformant name: _chdir. See online help for details.
  C:\Program Files (x86)\Windows Kits\10\Include\10.0.10240.0\ucrt\direct.h(99): note: see declaration of 'chdir'
c:\users\mikleya\documents\visual studio 2015\projects\github\cours_work_visual\gomory-hu and ford-fulkerson algorithms\course_work_froms_v1\MyForm_.h(311): warning C4996: 'chdir': The POSIX name for this item is deprecated. Instead, use the ISO C and C++ conformant name: _chdir. See online help for details.
  C:\Program Files (x86)\Windows Kits\10\Include\10.0.10240.0\ucrt\direct.h(99): note: see declaration of 'chdir'
c:\users\mikleya\documents\visual studio 2015\projects\github\cours_work_visual\gomory-hu and ford-fulkerson algorithms\course_work_froms_v1\MyForm_.h(558): warning C4101: 'file_': unreferenced local variable
c:\users\mikleya\documents\visual studio 2015\projects\github\cours_work_visual\gomory-hu and ford-fulkerson algorithms\course_work_froms_v1\MyForm_.h(586): warning C4996: 'strcpy': This function or variable may be unsafe. Consider using strcpy_s instead. To disable deprecation, use _CRT_SECURE_NO_WARNINGS. See online help for details.
  C:\Program Files (x86)\Windows Kits\10\Include\10.0.10240.0\ucrt\string.h(119): note: see declaration of 'strcpy'
c:\users\mikleya\documents\visual studio 2015\projects\github\cours_work_visual\gomory-hu and ford-fulkerson algorithms\course_work_froms_v1\MyForm_.h(601): warning C4996: 'sprintf': This function or variable may be unsafe. Consider using sprintf_s instead. To disable deprecation, use _CRT_SECURE_NO_WARNINGS. See online help for details.
  C:\Program Files (x86)\Windows Kits\10\Include\10.0.10240.0\ucrt\stdio.h(1769): note: see declaration of 'sprintf'
c:\users\mikleya\documents\visual studio 2015\projects\github\cours_work_visual\gomory-hu and ford-fulkerson algorithms\course_work_froms_v1\MyForm_.h(602): warning C4996: 'strcpy': This function or variable may be unsafe. Consider using strcpy_s instead. To disable deprecation, use _CRT_SECURE_NO_WARNINGS. See online help for details.
  C:\Program Files (x86)\Windows Kits\10\Include\10.0.10240.0\ucrt\string.h(119): note: see declaration of 'strcpy'
c:\users\mikleya\documents\visual studio 2015\projects\github\cours_work_visual\gomory-hu and ford-fulkerson algorithms\course_work_froms_v1\MyForm_.h(603): warning C4996: 'strcat': This function or variable may be unsafe. Consider using strcat_s instead. To disable deprecation, use _CRT_SECURE_NO_WARNINGS. See online help for details.
  C:\Program Files (x86)\Windows Kits\10\Include\10.0.10240.0\ucrt\string.h(90): note: see declaration of 'strcat'
c:\users\mikleya\documents\visual studio 2015\projects\github\cours_work_visual\gomory-hu and ford-fulkerson algorithms\course_work_froms_v1\MyForm_.h(604): warning C4996: 'strcat': This function or variable may be unsafe. Consider using strcat_s instead. To disable deprecation, use _CRT_SECURE_NO_WARNINGS. See online help for details.
  C:\Program Files (x86)\Windows Kits\10\Include\10.0.10240.0\ucrt\string.h(90): note: see declaration of 'strcat'
c:\users\mikleya\documents\visual studio 2015\projects\github\cours_work_visual\gomory-hu and ford-fulkerson algorithms\course_work_froms_v1\MyForm_.h(605): warning C4996: 'itoa': The POSIX name for this item is deprecated. Instead, use the ISO C and C++ conformant name: _itoa. See online help for details.
  C:\Program Files (x86)\Windows Kits\10\Include\10.0.10240.0\ucrt\stdlib.h(1316): note: see declaration of 'itoa'
c:\users\mikleya\documents\visual studio 2015\projects\github\cours_work_visual\gomory-hu and ford-fulkerson algorithms\course_work_froms_v1\MyForm_.h(606): warning C4996: 'strcat': This function or variable may be unsafe. Consider using strcat_s instead. To disable deprecation, use _CRT_SECURE_NO_WARNINGS. See online help for details.
  C:\Program Files (x86)\Windows Kits\10\Include\10.0.10240.0\ucrt\string.h(90): note: see declaration of 'strcat'
c:\users\mikleya\documents\visual studio 2015\projects\github\cours_work_visual\gomory-hu and ford-fulkerson algorithms\course_work_froms_v1\MyForm_.h(638): warning C4996: 'sprintf': This function or variable may be unsafe. Consider using sprintf_s instead. To disable deprecation, use _CRT_SECURE_NO_WARNINGS. See online help for details.
  C:\Program Files (x86)\Windows Kits\10\Include\10.0.10240.0\ucrt\stdio.h(1769): note: see declaration of 'sprintf'
c:\users\mikleya\documents\visual studio 2015\projects\github\cours_work_visual\gomory-hu and ford-fulkerson algorithms\course_work_froms_v1\MyForm_.h(639): warning C4996: 'strcpy': This function or variable may be unsafe. Consider using strcpy_s instead. To disable deprecation, use _CRT_SECURE_NO_WARNINGS. See online help for details.
  C:\Program Files (x86)\Windows Kits\10\Include\10.0.10240.0\ucrt\string.h(119): note: see declaration of 'strcpy'
c:\users\mikleya\documents\visual studio 2015\projects\github\cours_work_visual\gomory-hu and ford-fulkerson algorithms\course_work_froms_v1\MyForm_.h(648): warning C4996: 'sprintf': This function or variable may be unsafe. Consider using sprintf_s instead. To disable deprecation, use _CRT_SECURE_NO_WARNINGS. See online help for details.
  C:\Program Files (x86)\Windows Kits\10\Include\10.0.10240.0\ucrt\stdio.h(1769): note: see declaration of 'sprintf'
c:\users\mikleya\documents\visual studio 2015\projects\github\cours_work_visual\gomory-hu and ford-fulkerson algorithms\course_work_froms_v1\MyForm_.h(657): warning C4996: 'sprintf': This function or variable may be unsafe. Consider using sprintf_s instead. To disable deprecation, use _CRT_SECURE_NO_WARNINGS. See online help for details.
  C:\Program Files (x86)\Windows Kits\10\Include\10.0.10240.0\ucrt\stdio.h(1769): note: see declaration of 'sprintf'
c:\users\mikleya\documents\visual studio 2015\projects\github\cours_work_visual\gomory-hu and ford-fulkerson algorithms\course_work_froms_v1\MyForm_.h(660): warning C4996: 'strcat': This function or variable may be unsafe. Consider using strcat_s instead. To disable deprecation, use _CRT_SECURE_NO_WARNINGS. See online help for details.
  C:\Program Files (x86)\Windows Kits\10\Include\10.0.10240.0\ucrt\string.h(90): note: see declaration of 'strcat'
c:\users\mikleya\documents\visual studio 2015\projects\github\cours_work_visual\gomory-hu and ford-fulkerson algorithms\course_work_froms_v1\MyForm_.h(661): warning C4996: 'strcpy': This function or variable may be unsafe. Consider using strcpy_s instead. To disable deprecation, use _CRT_SECURE_NO_WARNINGS. See online help for details.
  C:\Program Files (x86)\Windows Kits\10\Include\10.0.10240.0\ucrt\string.h(119): note: see declaration of 'strcpy'
c:\users\mikleya\documents\visual studio 2015\projects\github\cours_work_visual\gomory-hu and ford-fulkerson algorithms\course_work_froms_v1\MyForm_.h(670): warning C4996: 'sprintf': This function or variable may be unsafe. Consider using sprintf_s instead. To disable deprecation, use _CRT_SECURE_NO_WARNINGS. See online help for details.
  C:\Program Files (x86)\Windows Kits\10\Include\10.0.10240.0\ucrt\stdio.h(1769): note: see declaration of 'sprintf'
c:\users\mikleya\documents\visual studio 2015\projects\github\cours_work_visual\gomory-hu and ford-fulkerson algorithms\course_work_froms_v1\MyForm_.h(675): warning C4996: 'strcat': This function or variable may be unsafe. Consider using strcat_s instead. To disable deprecation, use _CRT_SECURE_NO_WARNINGS. See online help for details.
  C:\Program Files (x86)\Windows Kits\10\Include\10.0.10240.0\ucrt\string.h(90): note: see declaration of 'strcat'
c:\users\mikleya\documents\visual studio 2015\projects\github\cours_work_visual\gomory-hu and ford-fulkerson algorithms\course_work_froms_v1\MyForm_.h(676): warning C4996: 'strcpy': This function or variable may be unsafe. Consider using strcpy_s instead. To disable deprecation, use _CRT_SECURE_NO_WARNINGS. See online help for details.
  C:\Program Files (x86)\Windows Kits\10\Include\10.0.10240.0\ucrt\string.h(119): note: see declaration of 'strcpy'
c:\users\mikleya\documents\visual studio 2015\projects\github\cours_work_visual\gomory-hu and ford-fulkerson algorithms\course_work_froms_v1\MyForm_.h(685): warning C4996: 'sprintf': This function or variable may be unsafe. Consider using sprintf_s instead. To disable deprecation, use _CRT_SECURE_NO_WARNINGS. See online help for details.
  C:\Program Files (x86)\Windows Kits\10\Include\10.0.10240.0\ucrt\stdio.h(1769): note: see declaration of 'sprintf'
c:\users\mikleya\documents\visual studio 2015\projects\github\cours_work_visual\gomory-hu and ford-fulkerson algorithms\course_work_froms_v1\MyForm_.h(690): warning C4996: 'strcat': This function or variable may be unsafe. Consider using strcat_s instead. To disable deprecation, use _CRT_SECURE_NO_WARNINGS. See online help for details.
  C:\Program Files (x86)\Windows Kits\10\Include\10.0.10240.0\ucrt\string.h(90): note: see declaration of 'strcat'
c:\users\mikleya\documents\visual studio 2015\projects\github\cours_work_visual\gomory-hu and ford-fulkerson algorithms\course_work_froms_v1\MyForm_.h(691): warning C4996: 'strcpy': This function or variable may be unsafe. Consider using strcpy_s instead. To disable deprecation, use _CRT_SECURE_NO_WARNINGS. See online help for details.
  C:\Program Files (x86)\Windows Kits\10\Include\10.0.10240.0\ucrt\string.h(119): note: see declaration of 'strcpy'
c:\users\mikleya\documents\visual studio 2015\projects\github\cours_work_visual\gomory-hu and ford-fulkerson algorithms\course_work_froms_v1\MyForm_.h(700): warning C4996: 'sprintf': This function or variable may be unsafe. Consider using sprintf_s instead. To disable deprecation, use _CRT_SECURE_NO_WARNINGS. See online help for details.
  C:\Program Files (x86)\Windows Kits\10\Include\10.0.10240.0\ucrt\stdio.h(1769): note: see declaration of 'sprintf'
c:\users\mikleya\documents\visual studio 2015\projects\github\cours_work_visual\gomory-hu and ford-fulkerson algorithms\course_work_froms_v1\MyForm_.h(705): warning C4996: 'strcpy': This function or variable may be unsafe. Consider using strcpy_s instead. To disable deprecation, use _CRT_SECURE_NO_WARNINGS. See online help for details.
  C:\Program Files (x86)\Windows Kits\10\Include\10.0.10240.0\ucrt\string.h(119): note: see declaration of 'strcpy'
c:\users\mikleya\documents\visual studio 2015\projects\github\cours_work_visual\gomory-hu and ford-fulkerson algorithms\course_work_froms_v1\MyForm_.h(706): warning C4996: 'strcpy': This function or variable may be unsafe. Consider using strcpy_s instead. To disable deprecation, use _CRT_SECURE_NO_WARNINGS. See online help for details.
  C:\Program Files (x86)\Windows Kits\10\Include\10.0.10240.0\ucrt\string.h(119): note: see declaration of 'strcpy'
c:\users\mikleya\documents\visual studio 2015\projects\github\cours_work_visual\gomory-hu and ford-fulkerson algorithms\course_work_froms_v1\MyForm_.h(715): warning C4996: 'strcpy': This function or variable may be unsafe. Consider using strcpy_s instead. To disable deprecation, use _CRT_SECURE_NO_WARNINGS. See online help for details.
  C:\Program Files (x86)\Windows Kits\10\Include\10.0.10240.0\ucrt\string.h(119): note: see declaration of 'strcpy'
c:\users\mikleya\documents\visual studio 2015\projects\github\cours_work_visual\gomory-hu and ford-fulkerson algorithms\course_work_froms_v1\MyForm_.h(720): warning C4996: 'sprintf': This function or variable may be unsafe. Consider using sprintf_s instead. To disable deprecation, use _CRT_SECURE_NO_WARNINGS. See online help for details.
  C:\Program Files (x86)\Windows Kits\10\Include\10.0.10240.0\ucrt\stdio.h(1769): note: see declaration of 'sprintf'
c:\users\mikleya\documents\visual studio 2015\projects\github\cours_work_visual\gomory-hu and ford-fulkerson algorithms\course_work_froms_v1\MyForm_.h(721): warning C4996: 'strcpy': This function or variable may be unsafe. Consider using strcpy_s instead. To disable deprecation, use _CRT_SECURE_NO_WARNINGS. See online help for details.
  C:\Program Files (x86)\Windows Kits\10\Include\10.0.10240.0\ucrt\string.h(119): note: see declaration of 'strcpy'
c:\users\mikleya\documents\visual studio 2015\projects\github\cours_work_visual\gomory-hu and ford-fulkerson algorithms\course_work_froms_v1\MyForm_.h(731): warning C4996: 'strcpy': This function or variable may be unsafe. Consider using strcpy_s instead. To disable deprecation, use _CRT_SECURE_NO_WARNINGS. See online help for details.
  C:\Program Files (x86)\Windows Kits\10\Include\10.0.10240.0\ucrt\string.h(119): note: see declaration of 'strcpy'
c:\users\mikleya\documents\visual studio 2015\projects\github\cours_work_visual\gomory-hu and ford-fulkerson algorithms\course_work_froms_v1\MyForm_.h(736): warning C4101: 'e': unreferenced local variable
c:\users\mikleya\documents\visual studio 2015\projects\github\cours_work_visual\gomory-hu and ford-fulkerson algorithms\course_work_froms_v1\MyForm_.h(842): warning C4996: 'sprintf': This function or variable may be unsafe. Consider using sprintf_s instead. To disable deprecation, use _CRT_SECURE_NO_WARNINGS. See online help for details.
  C:\Program Files (x86)\Windows Kits\10\Include\10.0.10240.0\ucrt\stdio.h(1769): note: see declaration of 'sprintf'
c:\users\mikleya\documents\visual studio 2015\projects\github\cours_work_visual\gomory-hu and ford-fulkerson algorithms\course_work_froms_v1\MyForm_.h(843): warning C4996: 'sprintf': This function or variable may be unsafe. Consider using sprintf_s instead. To disable deprecation, use _CRT_SECURE_NO_WARNINGS. See online help for details.
  C:\Program Files (x86)\Windows Kits\10\Include\10.0.10240.0\ucrt\stdio.h(1769): note: see declaration of 'sprintf'
c:\users\mikleya\documents\visual studio 2015\projects\github\cours_work_visual\gomory-hu and ford-fulkerson algorithms\course_work_froms_v1\MyForm.h(550): warning C4996: 'fopen': This function or variable may be unsafe. Consider using fopen_s instead. To disable deprecation, use _CRT_SECURE_NO_WARNINGS. See online help for details.
  C:\Program Files (x86)\Windows Kits\10\Include\10.0.10240.0\ucrt\stdio.h(205): note: see declaration of 'fopen'
  MyForm_.cpp
c:\users\mikleya\documents\visual studio 2015\projects\github\cours_work_visual\gomory-hu and ford-fulkerson algorithms\course_work_froms_v1\PictureForm.h(25): warning C4101: 'e': unreferenced local variable
c:\users\mikleya\documents\visual studio 2015\projects\github\cours_work_visual\gomory-hu and ford-fulkerson algorithms\course_work_froms_v1\MyForm_.h(49): warning C4996: 'chdir': The POSIX name for this item is deprecated. Instead, use the ISO C and C++ conformant name: _chdir. See online help for details.
  C:\Program Files (x86)\Windows Kits\10\Include\10.0.10240.0\ucrt\direct.h(99): note: see declaration of 'chdir'
c:\users\mikleya\documents\visual studio 2015\projects\github\cours_work_visual\gomory-hu and ford-fulkerson algorithms\course_work_froms_v1\MyForm_.h(74): warning C4996: 'fopen': This function or variable may be unsafe. Consider using fopen_s instead. To disable deprecation, use _CRT_SECURE_NO_WARNINGS. See online help for details.
  C:\Program Files (x86)\Windows Kits\10\Include\10.0.10240.0\ucrt\stdio.h(205): note: see declaration of 'fopen'
c:\users\mikleya\documents\visual studio 2015\projects\github\cours_work_visual\gomory-hu and ford-fulkerson algorithms\course_work_froms_v1\MyForm_.h(100): warning C4996: 'chdir': The POSIX name for this item is deprecated. Instead, use the ISO C and C++ conformant name: _chdir. See online help for details.
  C:\Program Files (x86)\Windows Kits\10\Include\10.0.10240.0\ucrt\direct.h(99): note: see declaration of 'chdir'
c:\users\mikleya\documents\visual studio 2015\projects\github\cours_work_visual\gomory-hu and ford-fulkerson algorithms\course_work_froms_v1\MyForm_.h(106): warning C4996: 'strcpy': This function or variable may be unsafe. Consider using strcpy_s instead. To disable deprecation, use _CRT_SECURE_NO_WARNINGS. See online help for details.
  C:\Program Files (x86)\Windows Kits\10\Include\10.0.10240.0\ucrt\string.h(119): note: see declaration of 'strcpy'
c:\users\mikleya\documents\visual studio 2015\projects\github\cours_work_visual\gomory-hu and ford-fulkerson algorithms\course_work_froms_v1\MyForm_.h(133): warning C4996: 'fopen': This function or variable may be unsafe. Consider using fopen_s instead. To disable deprecation, use _CRT_SECURE_NO_WARNINGS. See online help for details.
  C:\Program Files (x86)\Windows Kits\10\Include\10.0.10240.0\ucrt\stdio.h(205): note: see declaration of 'fopen'
c:\users\mikleya\documents\visual studio 2015\projects\github\cours_work_visual\gomory-hu and ford-fulkerson algorithms\course_work_froms_v1\MyForm_.h(169): warning C4996: 'chdir': The POSIX name for this item is deprecated. Instead, use the ISO C and C++ conformant name: _chdir. See online help for details.
  C:\Program Files (x86)\Windows Kits\10\Include\10.0.10240.0\ucrt\direct.h(99): note: see declaration of 'chdir'
c:\users\mikleya\documents\visual studio 2015\projects\github\cours_work_visual\gomory-hu and ford-fulkerson algorithms\course_work_froms_v1\MyForm_.h(196): warning C4996: 'fopen': This function or variable may be unsafe. Consider using fopen_s instead. To disable deprecation, use _CRT_SECURE_NO_WARNINGS. See online help for details.
  C:\Program Files (x86)\Windows Kits\10\Include\10.0.10240.0\ucrt\stdio.h(205): note: see declaration of 'fopen'
c:\users\mikleya\documents\visual studio 2015\projects\github\cours_work_visual\gomory-hu and ford-fulkerson algorithms\course_work_froms_v1\MyForm_.h(248): warning C4996: 'fopen': This function or variable may be unsafe. Consider using fopen_s instead. To disable deprecation, use _CRT_SECURE_NO_WARNINGS. See online help for details.
  C:\Program Files (x86)\Windows Kits\10\Include\10.0.10240.0\ucrt\stdio.h(205): note: see declaration of 'fopen'
c:\users\mikleya\documents\visual studio 2015\projects\github\cours_work_visual\gomory-hu and ford-fulkerson algorithms\course_work_froms_v1\MyForm_.h(283): warning C4996: 'chdir': The POSIX name for this item is deprecated. Instead, use the ISO C and C++ conformant name: _chdir. See online help for details.
  C:\Program Files (x86)\Windows Kits\10\Include\10.0.10240.0\ucrt\direct.h(99): note: see declaration of 'chdir'
c:\users\mikleya\documents\visual studio 2015\projects\github\cours_work_visual\gomory-hu and ford-fulkerson algorithms\course_work_froms_v1\MyForm_.h(311): warning C4996: 'chdir': The POSIX name for this item is deprecated. Instead, use the ISO C and C++ conformant name: _chdir. See online help for details.
  C:\Program Files (x86)\Windows Kits\10\Include\10.0.10240.0\ucrt\direct.h(99): note: see declaration of 'chdir'
c:\users\mikleya\documents\visual studio 2015\projects\github\cours_work_visual\gomory-hu and ford-fulkerson algorithms\course_work_froms_v1\MyForm_.h(558): warning C4101: 'file_': unreferenced local variable
c:\users\mikleya\documents\visual studio 2015\projects\github\cours_work_visual\gomory-hu and ford-fulkerson algorithms\course_work_froms_v1\MyForm_.h(586): warning C4996: 'strcpy': This function or variable may be unsafe. Consider using strcpy_s instead. To disable deprecation, use _CRT_SECURE_NO_WARNINGS. See online help for details.
  C:\Program Files (x86)\Windows Kits\10\Include\10.0.10240.0\ucrt\string.h(119): note: see declaration of 'strcpy'
c:\users\mikleya\documents\visual studio 2015\projects\github\cours_work_visual\gomory-hu and ford-fulkerson algorithms\course_work_froms_v1\MyForm_.h(601): warning C4996: 'sprintf': This function or variable may be unsafe. Consider using sprintf_s instead. To disable deprecation, use _CRT_SECURE_NO_WARNINGS. See online help for details.
  C:\Program Files (x86)\Windows Kits\10\Include\10.0.10240.0\ucrt\stdio.h(1769): note: see declaration of 'sprintf'
c:\users\mikleya\documents\visual studio 2015\projects\github\cours_work_visual\gomory-hu and ford-fulkerson algorithms\course_work_froms_v1\MyForm_.h(602): warning C4996: 'strcpy': This function or variable may be unsafe. Consider using strcpy_s instead. To disable deprecation, use _CRT_SECURE_NO_WARNINGS. See online help for details.
  C:\Program Files (x86)\Windows Kits\10\Include\10.0.10240.0\ucrt\string.h(119): note: see declaration of 'strcpy'
c:\users\mikleya\documents\visual studio 2015\projects\github\cours_work_visual\gomory-hu and ford-fulkerson algorithms\course_work_froms_v1\MyForm_.h(603): warning C4996: 'strcat': This function or variable may be unsafe. Consider using strcat_s instead. To disable deprecation, use _CRT_SECURE_NO_WARNINGS. See online help for details.
  C:\Program Files (x86)\Windows Kits\10\Include\10.0.10240.0\ucrt\string.h(90): note: see declaration of 'strcat'
c:\users\mikleya\documents\visual studio 2015\projects\github\cours_work_visual\gomory-hu and ford-fulkerson algorithms\course_work_froms_v1\MyForm_.h(604): warning C4996: 'strcat': This function or variable may be unsafe. Consider using strcat_s instead. To disable deprecation, use _CRT_SECURE_NO_WARNINGS. See online help for details.
  C:\Program Files (x86)\Windows Kits\10\Include\10.0.10240.0\ucrt\string.h(90): note: see declaration of 'strcat'
c:\users\mikleya\documents\visual studio 2015\projects\github\cours_work_visual\gomory-hu and ford-fulkerson algorithms\course_work_froms_v1\MyForm_.h(605): warning C4996: 'itoa': The POSIX name for this item is deprecated. Instead, use the ISO C and C++ conformant name: _itoa. See online help for details.
  C:\Program Files (x86)\Windows Kits\10\Include\10.0.10240.0\ucrt\stdlib.h(1316): note: see declaration of 'itoa'
c:\users\mikleya\documents\visual studio 2015\projects\github\cours_work_visual\gomory-hu and ford-fulkerson algorithms\course_work_froms_v1\MyForm_.h(606): warning C4996: 'strcat': This function or variable may be unsafe. Consider using strcat_s instead. To disable deprecation, use _CRT_SECURE_NO_WARNINGS. See online help for details.
  C:\Program Files (x86)\Windows Kits\10\Include\10.0.10240.0\ucrt\string.h(90): note: see declaration of 'strcat'
c:\users\mikleya\documents\visual studio 2015\projects\github\cours_work_visual\gomory-hu and ford-fulkerson algorithms\course_work_froms_v1\MyForm_.h(638): warning C4996: 'sprintf': This function or variable may be unsafe. Consider using sprintf_s instead. To disable deprecation, use _CRT_SECURE_NO_WARNINGS. See online help for details.
  C:\Program Files (x86)\Windows Kits\10\Include\10.0.10240.0\ucrt\stdio.h(1769): note: see declaration of 'sprintf'
c:\users\mikleya\documents\visual studio 2015\projects\github\cours_work_visual\gomory-hu and ford-fulkerson algorithms\course_work_froms_v1\MyForm_.h(639): warning C4996: 'strcpy': This function or variable may be unsafe. Consider using strcpy_s instead. To disable deprecation, use _CRT_SECURE_NO_WARNINGS. See online help for details.
  C:\Program Files (x86)\Windows Kits\10\Include\10.0.10240.0\ucrt\string.h(119): note: see declaration of 'strcpy'
c:\users\mikleya\documents\visual studio 2015\projects\github\cours_work_visual\gomory-hu and ford-fulkerson algorithms\course_work_froms_v1\MyForm_.h(648): warning C4996: 'sprintf': This function or variable may be unsafe. Consider using sprintf_s instead. To disable deprecation, use _CRT_SECURE_NO_WARNINGS. See online help for details.
  C:\Program Files (x86)\Windows Kits\10\Include\10.0.10240.0\ucrt\stdio.h(1769): note: see declaration of 'sprintf'
c:\users\mikleya\documents\visual studio 2015\projects\github\cours_work_visual\gomory-hu and ford-fulkerson algorithms\course_work_froms_v1\MyForm_.h(657): warning C4996: 'sprintf': This function or variable may be unsafe. Consider using sprintf_s instead. To disable deprecation, use _CRT_SECURE_NO_WARNINGS. See online help for details.
  C:\Program Files (x86)\Windows Kits\10\Include\10.0.10240.0\ucrt\stdio.h(1769): note: see declaration of 'sprintf'
c:\users\mikleya\documents\visual studio 2015\projects\github\cours_work_visual\gomory-hu and ford-fulkerson algorithms\course_work_froms_v1\MyForm_.h(660): warning C4996: 'strcat': This function or variable may be unsafe. Consider using strcat_s instead. To disable deprecation, use _CRT_SECURE_NO_WARNINGS. See online help for details.
  C:\Program Files (x86)\Windows Kits\10\Include\10.0.10240.0\ucrt\string.h(90): note: see declaration of 'strcat'
c:\users\mikleya\documents\visual studio 2015\projects\github\cours_work_visual\gomory-hu and ford-fulkerson algorithms\course_work_froms_v1\MyForm_.h(661): warning C4996: 'strcpy': This function or variable may be unsafe. Consider using strcpy_s instead. To disable deprecation, use _CRT_SECURE_NO_WARNINGS. See online help for details.
  C:\Program Files (x86)\Windows Kits\10\Include\10.0.10240.0\ucrt\string.h(119): note: see declaration of 'strcpy'
c:\users\mikleya\documents\visual studio 2015\projects\github\cours_work_visual\gomory-hu and ford-fulkerson algorithms\course_work_froms_v1\MyForm_.h(670): warning C4996: 'sprintf': This function or variable may be unsafe. Consider using sprintf_s instead. To disable deprecation, use _CRT_SECURE_NO_WARNINGS. See online help for details.
  C:\Program Files (x86)\Windows Kits\10\Include\10.0.10240.0\ucrt\stdio.h(1769): note: see declaration of 'sprintf'
c:\users\mikleya\documents\visual studio 2015\projects\github\cours_work_visual\gomory-hu and ford-fulkerson algorithms\course_work_froms_v1\MyForm_.h(675): warning C4996: 'strcat': This function or variable may be unsafe. Consider using strcat_s instead. To disable deprecation, use _CRT_SECURE_NO_WARNINGS. See online help for details.
  C:\Program Files (x86)\Windows Kits\10\Include\10.0.10240.0\ucrt\string.h(90): note: see declaration of 'strcat'
c:\users\mikleya\documents\visual studio 2015\projects\github\cours_work_visual\gomory-hu and ford-fulkerson algorithms\course_work_froms_v1\MyForm_.h(676): warning C4996: 'strcpy': This function or variable may be unsafe. Consider using strcpy_s instead. To disable deprecation, use _CRT_SECURE_NO_WARNINGS. See online help for details.
  C:\Program Files (x86)\Windows Kits\10\Include\10.0.10240.0\ucrt\string.h(119): note: see declaration of 'strcpy'
c:\users\mikleya\documents\visual studio 2015\projects\github\cours_work_visual\gomory-hu and ford-fulkerson algorithms\course_work_froms_v1\MyForm_.h(685): warning C4996: 'sprintf': This function or variable may be unsafe. Consider using sprintf_s instead. To disable deprecation, use _CRT_SECURE_NO_WARNINGS. See online help for details.
  C:\Program Files (x86)\Windows Kits\10\Include\10.0.10240.0\ucrt\stdio.h(1769): note: see declaration of 'sprintf'
c:\users\mikleya\documents\visual studio 2015\projects\github\cours_work_visual\gomory-hu and ford-fulkerson algorithms\course_work_froms_v1\MyForm_.h(690): warning C4996: 'strcat': This function or variable may be unsafe. Consider using strcat_s instead. To disable deprecation, use _CRT_SECURE_NO_WARNINGS. See online help for details.
  C:\Program Files (x86)\Windows Kits\10\Include\10.0.10240.0\ucrt\string.h(90): note: see declaration of 'strcat'
c:\users\mikleya\documents\visual studio 2015\projects\github\cours_work_visual\gomory-hu and ford-fulkerson algorithms\course_work_froms_v1\MyForm_.h(691): warning C4996: 'strcpy': This function or variable may be unsafe. Consider using strcpy_s instead. To disable deprecation, use _CRT_SECURE_NO_WARNINGS. See online help for details.
  C:\Program Files (x86)\Windows Kits\10\Include\10.0.10240.0\ucrt\string.h(119): note: see declaration of 'strcpy'
c:\users\mikleya\documents\visual studio 2015\projects\github\cours_work_visual\gomory-hu and ford-fulkerson algorithms\course_work_froms_v1\MyForm_.h(700): warning C4996: 'sprintf': This function or variable may be unsafe. Consider using sprintf_s instead. To disable deprecation, use _CRT_SECURE_NO_WARNINGS. See online help for details.
  C:\Program Files (x86)\Windows Kits\10\Include\10.0.10240.0\ucrt\stdio.h(1769): note: see declaration of 'sprintf'
c:\users\mikleya\documents\visual studio 2015\projects\github\cours_work_visual\gomory-hu and ford-fulkerson algorithms\course_work_froms_v1\MyForm_.h(705): warning C4996: 'strcpy': This function or variable may be unsafe. Consider using strcpy_s instead. To disable deprecation, use _CRT_SECURE_NO_WARNINGS. See online help for details.
  C:\Program Files (x86)\Windows Kits\10\Include\10.0.10240.0\ucrt\string.h(119): note: see declaration of 'strcpy'
c:\users\mikleya\documents\visual studio 2015\projects\github\cours_work_visual\gomory-hu and ford-fulkerson algorithms\course_work_froms_v1\MyForm_.h(706): warning C4996: 'strcpy': This function or variable may be unsafe. Consider using strcpy_s instead. To disable deprecation, use _CRT_SECURE_NO_WARNINGS. See online help for details.
  C:\Program Files (x86)\Windows Kits\10\Include\10.0.10240.0\ucrt\string.h(119): note: see declaration of 'strcpy'
c:\users\mikleya\documents\visual studio 2015\projects\github\cours_work_visual\gomory-hu and ford-fulkerson algorithms\course_work_froms_v1\MyForm_.h(715): warning C4996: 'strcpy': This function or variable may be unsafe. Consider using strcpy_s instead. To disable deprecation, use _CRT_SECURE_NO_WARNINGS. See online help for details.
  C:\Program Files (x86)\Windows Kits\10\Include\10.0.10240.0\ucrt\string.h(119): note: see declaration of 'strcpy'
c:\users\mikleya\documents\visual studio 2015\projects\github\cours_work_visual\gomory-hu and ford-fulkerson algorithms\course_work_froms_v1\MyForm_.h(720): warning C4996: 'sprintf': This function or variable may be unsafe. Consider using sprintf_s instead. To disable deprecation, use _CRT_SECURE_NO_WARNINGS. See online help for details.
  C:\Program Files (x86)\Windows Kits\10\Include\10.0.10240.0\ucrt\stdio.h(1769): note: see declaration of 'sprintf'
c:\users\mikleya\documents\visual studio 2015\projects\github\cours_work_visual\gomory-hu and ford-fulkerson algorithms\course_work_froms_v1\MyForm_.h(721): warning C4996: 'strcpy': This function or variable may be unsafe. Consider using strcpy_s instead. To disable deprecation, use _CRT_SECURE_NO_WARNINGS. See online help for details.
  C:\Program Files (x86)\Windows Kits\10\Include\10.0.10240.0\ucrt\string.h(119): note: see declaration of 'strcpy'
c:\users\mikleya\documents\visual studio 2015\projects\github\cours_work_visual\gomory-hu and ford-fulkerson algorithms\course_work_froms_v1\MyForm_.h(731): warning C4996: 'strcpy': This function or variable may be unsafe. Consider using strcpy_s instead. To disable deprecation, use _CRT_SECURE_NO_WARNINGS. See online help for details.
  C:\Program Files (x86)\Windows Kits\10\Include\10.0.10240.0\ucrt\string.h(119): note: see declaration of 'strcpy'
c:\users\mikleya\documents\visual studio 2015\projects\github\cours_work_visual\gomory-hu and ford-fulkerson algorithms\course_work_froms_v1\MyForm_.h(736): warning C4101: 'e': unreferenced local variable
c:\users\mikleya\documents\visual studio 2015\projects\github\cours_work_visual\gomory-hu and ford-fulkerson algorithms\course_work_froms_v1\MyForm_.h(842): warning C4996: 'sprintf': This function or variable may be unsafe. Consider using sprintf_s instead. To disable deprecation, use _CRT_SECURE_NO_WARNINGS. See online help for details.
  C:\Program Files (x86)\Windows Kits\10\Include\10.0.10240.0\ucrt\stdio.h(1769): note: see declaration of 'sprintf'
c:\users\mikleya\documents\visual studio 2015\projects\github\cours_work_visual\gomory-hu and ford-fulkerson algorithms\course_work_froms_v1\MyForm_.h(843): warning C4996: 'sprintf': This function or variable may be unsafe. Consider using sprintf_s instead. To disable deprecation, use _CRT_SECURE_NO_WARNINGS. See online help for details.
  C:\Program Files (x86)\Windows Kits\10\Include\10.0.10240.0\ucrt\stdio.h(1769): note: see declaration of 'sprintf'
  output.cpp
output.cpp(16): warning C4996: 'sprintf': This function or variable may be unsafe. Consider using sprintf_s instead. To disable deprecation, use _CRT_SECURE_NO_WARNINGS. See online help for details.
  C:\Program Files (x86)\Windows Kits\10\Include\10.0.10240.0\ucrt\stdio.h(1769): note: see declaration of 'sprintf'
  PictureForm.cpp
c:\users\mikleya\documents\visual studio 2015\projects\github\cours_work_visual\gomory-hu and ford-fulkerson algorithms\course_work_froms_v1\PictureForm.h(25): warning C4101: 'e': unreferenced local variable
  queue.cpp
  stack.cpp
  Generating Code...
  .NETFramework,Version=v4.5.2.AssemblyAttributes.cpp
output.obj : warning LNK4248: unresolved typeref token (01000029) for 'GVC_s'; image may not run
  Course_work_froms_v1.vcxproj -> C:\Users\MikleYa\Documents\Visual Studio 2015\Projects\GitHub\Cours_work_visual\Gomory-Hu and Ford-Fulkerson algorithms\Debug\Humori-Hu and Ford-Fulkerson.exe
  Course_work_froms_v1.vcxproj -> C:\Users\MikleYa\Documents\Visual Studio 2015\Projects\GitHub\Cours_work_visual\Gomory-Hu and Ford-Fulkerson algorithms\Debug\Humori-Hu and Ford-Fulkerson.pdb (Full PDB)
