c:\users\mikleya\documents\visual studio 2015\projects\github\cours_work_visual\gomory-hu and ford-fulkerson algorithms\course_work_froms_v1\debug\vc140.pdb
c:\users\mikleya\documents\visual studio 2015\projects\github\cours_work_visual\gomory-hu and ford-fulkerson algorithms\course_work_froms_v1\debug\stack.obj
c:\users\mikleya\documents\visual studio 2015\projects\github\cours_work_visual\gomory-hu and ford-fulkerson algorithms\course_work_froms_v1\debug\queue.obj
c:\users\mikleya\documents\visual studio 2015\projects\github\cours_work_visual\gomory-hu and ford-fulkerson algorithms\course_work_froms_v1\debug\pictureform.obj
c:\users\mikleya\documents\visual studio 2015\projects\github\cours_work_visual\gomory-hu and ford-fulkerson algorithms\course_work_froms_v1\debug\output.obj
c:\users\mikleya\documents\visual studio 2015\projects\github\cours_work_visual\gomory-hu and ford-fulkerson algorithms\course_work_froms_v1\debug\myform_.obj
c:\users\mikleya\documents\visual studio 2015\projects\github\cours_work_visual\gomory-hu and ford-fulkerson algorithms\course_work_froms_v1\debug\myform.obj
c:\users\mikleya\documents\visual studio 2015\projects\github\cours_work_visual\gomory-hu and ford-fulkerson algorithms\course_work_froms_v1\debug\input.obj
c:\users\mikleya\documents\visual studio 2015\projects\github\cours_work_visual\gomory-hu and ford-fulkerson algorithms\course_work_froms_v1\debug\gomory.obj
c:\users\mikleya\documents\visual studio 2015\projects\github\cours_work_visual\gomory-hu and ford-fulkerson algorithms\course_work_froms_v1\debug\graph.obj
c:\users\mikleya\documents\visual studio 2015\projects\github\cours_work_visual\gomory-hu and ford-fulkerson algorithms\course_work_froms_v1\debug\ford.obj
c:\users\mikleya\documents\visual studio 2015\projects\github\cours_work_visual\gomory-hu and ford-fulkerson algorithms\course_work_froms_v1\debug\.netframework,version=v4.5.2.assemblyattributes.obj
c:\users\mikleya\documents\visual studio 2015\projects\github\cours_work_visual\gomory-hu and ford-fulkerson algorithms\course_work_froms_v1\debug\.netframework,version=v4.5.2.assemblyattributes.asm
c:\users\mikleya\documents\visual studio 2015\projects\github\cours_work_visual\gomory-hu and ford-fulkerson algorithms\course_work_froms_v1\debug\course_work_froms_v1.myform.resources
c:\users\mikleya\documents\visual studio 2015\projects\github\cours_work_visual\gomory-hu and ford-fulkerson algorithms\course_work_froms_v1\debug\course_work_froms_v1.myform_.resources
c:\users\mikleya\documents\visual studio 2015\projects\github\cours_work_visual\gomory-hu and ford-fulkerson algorithms\course_work_froms_v1\debug\course_work_froms_v1.pictureform.resources
c:\users\mikleya\documents\visual studio 2015\projects\github\cours_work_visual\gomory-hu and ford-fulkerson algorithms\course_work_froms_v1\debug\course_work_froms_v1.myform.ru.resources
c:\users\mikleya\documents\visual studio 2015\projects\github\cours_work_visual\gomory-hu and ford-fulkerson algorithms\course_work_froms_v1\debug\course_work_froms_v1.vcxproj.generateresource.cache
c:\users\mikleya\documents\visual studio 2015\projects\github\cours_work_visual\gomory-hu and ford-fulkerson algorithms\course_work_froms_v1\debug\humori-h.9696b190.tlog\cl.command.1.tlog
c:\users\mikleya\documents\visual studio 2015\projects\github\cours_work_visual\gomory-hu and ford-fulkerson algorithms\course_work_froms_v1\debug\humori-h.9696b190.tlog\cl.read.1.tlog
c:\users\mikleya\documents\visual studio 2015\projects\github\cours_work_visual\gomory-hu and ford-fulkerson algorithms\course_work_froms_v1\debug\humori-h.9696b190.tlog\cl.write.1.tlog
c:\users\mikleya\documents\visual studio 2015\projects\github\cours_work_visual\gomory-hu and ford-fulkerson algorithms\course_work_froms_v1\debug\humori-h.9696b190.tlog\humori-hu and ford-fulkerson.write.1u.tlog
c:\users\mikleya\documents\visual studio 2015\projects\github\cours_work_visual\gomory-hu and ford-fulkerson algorithms\course_work_froms_v1\debug\humori-h.9696b190.tlog\link.command.1.tlog
c:\users\mikleya\documents\visual studio 2015\projects\github\cours_work_visual\gomory-hu and ford-fulkerson algorithms\course_work_froms_v1\debug\humori-h.9696b190.tlog\link.read.1.tlog
c:\users\mikleya\documents\visual studio 2015\projects\github\cours_work_visual\gomory-hu and ford-fulkerson algorithms\course_work_froms_v1\debug\humori-h.9696b190.tlog\link.write.1.tlog
c:\users\mikleya\documents\visual studio 2015\projects\github\cours_work_visual\gomory-hu and ford-fulkerson algorithms\course_work_froms_v1\debug\humori-h.9696b190.tlog\metagen.read.1.tlog
c:\users\mikleya\documents\visual studio 2015\projects\github\cours_work_visual\gomory-hu and ford-fulkerson algorithms\course_work_froms_v1\debug\humori-h.9696b190.tlog\metagen.write.1.tlog
c:\users\mikleya\documents\visual studio 2015\projects\github\cours_work_visual\gomory-hu and ford-fulkerson algorithms\course_work_froms_v1\debug\humori-h.9696b190.tlog\rsaenh.dll.bi
c:\users\mikleya\documents\visual studio 2015\projects\github\cours_work_visual\gomory-hu and ford-fulkerson algorithms\course_work_froms_v1\debug\humori-h.9696b190.tlog\tzres.dll.bi
